0 info it worked if it ends with ok
1 verbose cli [ 'C:\\Program Files\\nodejs\\node.exe',
1 verbose cli   'C:\\dev\\npm\\node_modules\\npm\\bin\\npm-cli.js',
1 verbose cli   'start' ]
2 info using npm@3.10.7
3 info using node@v4.5.0
4 verbose run-script [ 'prestart', 'start', 'poststart' ]
5 info lifecycle game01@0.0.0~prestart: game01@0.0.0
6 silly lifecycle game01@0.0.0~prestart: no script for prestart, continuing
7 info lifecycle game01@0.0.0~start: game01@0.0.0
8 verbose lifecycle game01@0.0.0~start: unsafe-perm in lifecycle true
9 verbose lifecycle game01@0.0.0~start: PATH: C:\dev\npm\node_modules\npm\bin\node-gyp-bin;E:\demo1\game01\node_modules\.bin;C:\Program Files (x86)\Intel\iCLS Client\;C:\Program Files\Intel\iCLS Client\;C:\WINDOWS\system32;C:\WINDOWS;C:\WINDOWS\System32\Wbem;C:\WINDOWS\System32\WindowsPowerShell\v1.0\;c:\Program Files (x86)\ATI Technologies\ATI.ACE\Core-Static;C:\Program Files (x86)\Intel\Intel(R) Management Engine Components\DAL;C:\Program Files\Intel\Intel(R) Management Engine Components\DAL;C:\Program Files (x86)\Intel\Intel(R) Management Engine Components\IPT;C:\Program Files\Intel\Intel(R) Management Engine Components\IPT;C:\Program Files\Intel\WiFi\bin\;C:\Program Files\Common Files\Intel\WirelessCommon\;C:\Program Files\nodejs\;C:\Program Files\Git\cmd;C:\Program Files (x86)\Java\jdk1.8.0_65\bin;C:\Program Files\Android\tools;C:\Program Files\Android\platform-tools;C:\Program Files\TortoiseGit\bin;E:\安装\Microsoft VS Code\bin;C:\Program Files (x86)\Tencent\QQ\Bin;C:\Users\amd\AppData\Roaming\npm;C:\dev\nodejs;C:\dev\nvm;C:\dev\nvm;C:\dev\nodejs;C:\dev;C:\dev\npm;C:\Program Files\MySQL\mysql-5.7.15-winx64\bin;C:\Users\amd\AppData\Local\Microsoft\WindowsApps;
10 verbose lifecycle game01@0.0.0~start: CWD: E:\demo1\game01
11 silly lifecycle game01@0.0.0~start: Args: [ '/d /s /c', 'node ./bin/www' ]
12 silly lifecycle game01@0.0.0~start: Returned: code: 1  signal: null
13 info lifecycle game01@0.0.0~start: Failed to exec start script
14 verbose stack Error: game01@0.0.0 start: `node ./bin/www`
14 verbose stack Exit status 1
14 verbose stack     at EventEmitter.<anonymous> (C:\dev\npm\node_modules\npm\lib\utils\lifecycle.js:255:16)
14 verbose stack     at emitTwo (events.js:87:13)
14 verbose stack     at EventEmitter.emit (events.js:172:7)
14 verbose stack     at ChildProcess.<anonymous> (C:\dev\npm\node_modules\npm\lib\utils\spawn.js:40:14)
14 verbose stack     at emitTwo (events.js:87:13)
14 verbose stack     at ChildProcess.emit (events.js:172:7)
14 verbose stack     at maybeClose (internal/child_process.js:829:16)
14 verbose stack     at Process.ChildProcess._handle.onexit (internal/child_process.js:211:5)
15 verbose pkgid game01@0.0.0
16 verbose cwd E:\demo1\game01\views
17 error Windows_NT 10.0.14393
18 error argv "C:\\Program Files\\nodejs\\node.exe" "C:\\dev\\npm\\node_modules\\npm\\bin\\npm-cli.js" "start"
19 error node v4.5.0
20 error npm  v3.10.7
21 error code ELIFECYCLE
22 error game01@0.0.0 start: `node ./bin/www`
22 error Exit status 1
23 error Failed at the game01@0.0.0 start script 'node ./bin/www'.
23 error Make sure you have the latest version of node.js and npm installed.
23 error If you do, this is most likely a problem with the game01 package,
23 error not with npm itself.
23 error Tell the author that this fails on your system:
23 error     node ./bin/www
23 error You can get information on how to open an issue for this project with:
23 error     npm bugs game01
23 error Or if that isn't available, you can get their info via:
23 error     npm owner ls game01
23 error There is likely additional logging output above.
24 verbose exit [ 1, true ]
